Command line:
   tb_top_isim_beh.exe
     -simmode  gui
     -simrunnum  0
     -socket  61170

Fri Apr 28 16:50:06 2017


 Elaboration Time: 0.03125 sec

 Current Memory Usage: 841.527 Meg

 Total Signals          : 35
 Total Nets             : 190
 Total Signal Drivers   : 19
 Total Blocks           : 4
 Total Primitive Blocks : 2
 Total Processes        : 24
 Total Traceable Variables  : 40
 Total Scalar Nets and Variables : 897
Total Line Count : 84

 Total Simulation Time: 0.171875 sec

 Current Memory Usage: 841.527 Meg

Fri Apr 28 16:50:22 2017

