Command line:
   mod_I2C_isim_beh.exe
     -simmode  gui
     -simrunnum  0
     -socket  63532

Sat Apr 29 16:51:13 2017


 Elaboration Time: 0.15625 sec

 Current Memory Usage: 1498.64 Meg

 Total Signals          : 20
 Total Nets             : 38
 Total Signal Drivers   : 8
 Total Blocks           : 2
 Total Primitive Blocks : 2
 Total Processes        : 10
 Total Traceable Variables  : 37
 Total Scalar Nets and Variables : 184
Total Line Count : 47

 Total Simulation Time: 0.171875 sec

 Current Memory Usage: 1498.64 Meg

Sat Apr 29 16:51:18 2017

